2019-04-25 23:14:30,385 - INFO - allennlp.common.params - evaluate_on_test = False
2019-04-25 23:14:30,386 - INFO - allennlp.common.from_params - instantiating class <class 'allennlp.data.dataset_readers.dataset_reader.DatasetReader'> from params {'token_indexers': {'tokens': {'type': 'elmo_characters'}}, 'type': 'sst_tokens'} and extras set()
2019-04-25 23:14:30,386 - INFO - allennlp.common.params - dataset_reader.type = sst_tokens
2019-04-25 23:14:30,387 - INFO - allennlp.common.from_params - instantiating class <class 'allennlp.data.dataset_readers.stanford_sentiment_tree_bank.StanfordSentimentTreeBankDatasetReader'> from params {'token_indexers': {'tokens': {'type': 'elmo_characters'}}} and extras set()
2019-04-25 23:14:30,387 - INFO - allennlp.common.from_params - instantiating class <class 'allennlp.data.token_indexers.token_indexer.TokenIndexer'> from params {'type': 'elmo_characters'} and extras set()
2019-04-25 23:14:30,388 - INFO - allennlp.common.params - dataset_reader.token_indexers.tokens.type = elmo_characters
2019-04-25 23:14:30,389 - INFO - allennlp.common.from_params - instantiating class <class 'allennlp.data.token_indexers.elmo_indexer.ELMoTokenCharactersIndexer'> from params {} and extras set()
2019-04-25 23:14:30,389 - INFO - allennlp.common.params - dataset_reader.token_indexers.tokens.namespace = elmo_characters
2019-04-25 23:14:30,390 - INFO - allennlp.common.params - dataset_reader.token_indexers.tokens.tokens_to_add = None
2019-04-25 23:14:30,390 - INFO - allennlp.common.params - dataset_reader.use_subtrees = False
2019-04-25 23:14:30,390 - INFO - allennlp.common.params - dataset_reader.granularity = 5-class
2019-04-25 23:14:30,391 - INFO - allennlp.common.params - dataset_reader.lazy = False
2019-04-25 23:14:30,391 - INFO - allennlp.common.params - validation_dataset_reader = None
2019-04-25 23:14:30,391 - INFO - allennlp.common.params - train_data_path = trees/train.txt
2019-04-25 23:14:30,393 - INFO - allennlp.training.util - Reading training data from trees/train.txt
2019-04-25 23:14:30,417 - INFO - allennlp.data.dataset_readers.stanford_sentiment_tree_bank - Reading instances from lines in file at: trees/train.txt
2019-04-25 23:14:34,016 - INFO - allennlp.common.params - validation_data_path = trees/dev.txt
2019-04-25 23:14:34,019 - INFO - allennlp.training.util - Reading validation data from trees/dev.txt
2019-04-25 23:14:34,027 - INFO - allennlp.data.dataset_readers.stanford_sentiment_tree_bank - Reading instances from lines in file at: trees/dev.txt
2019-04-25 23:14:34,399 - INFO - allennlp.common.params - test_data_path = None
2019-04-25 23:14:34,400 - INFO - allennlp.training.trainer - From dataset instances, validation, train will be considered for vocabulary creation.
2019-04-25 23:14:34,400 - INFO - allennlp.common.params - vocabulary.type = None
2019-04-25 23:14:34,401 - INFO - allennlp.common.params - vocabulary.extend = False
2019-04-25 23:14:34,402 - INFO - allennlp.common.params - vocabulary.directory_path = None
2019-04-25 23:14:34,403 - INFO - allennlp.common.params - vocabulary.min_count = None
2019-04-25 23:14:34,403 - INFO - allennlp.common.params - vocabulary.max_vocab_size = None
2019-04-25 23:14:34,404 - INFO - allennlp.common.params - vocabulary.non_padded_namespaces = ('*tags', '*labels')
2019-04-25 23:14:34,405 - INFO - allennlp.common.params - vocabulary.min_pretrained_embeddings = None
2019-04-25 23:14:34,406 - INFO - allennlp.common.params - vocabulary.only_include_pretrained_words = False
2019-04-25 23:14:34,407 - INFO - allennlp.common.params - vocabulary.tokens_to_add = None
2019-04-25 23:14:34,412 - INFO - allennlp.data.vocabulary - Fitting token dictionary from dataset.
2019-04-25 23:14:34,503 - INFO - allennlp.common.from_params - instantiating class <class 'allennlp.models.model.Model'> from params {'encoder': {'hidden_size': 128, 'input_size': 256, 'type': 'lstm'}, 'type': 'lstm_classifier', 'word_embeddings': {'tokens': {'do_layer_norm': False, 'dropout': 0.5, 'options_file': 'https://s3-us-west-2.amazonaws.com/allennlp/models/elmo/2x1024_128_2048cnn_1xhighway/elmo_2x1024_128_2048cnn_1xhighway_options.json', 'type': 'elmo_token_embedder', 'weight_file': 'https://s3-us-west-2.amazonaws.com/allennlp/models/elmo/2x1024_128_2048cnn_1xhighway/elmo_2x1024_128_2048cnn_1xhighway_weights.hdf5'}}} and extras {'vocab'}
2019-04-25 23:14:34,503 - INFO - allennlp.common.params - model.type = lstm_classifier
2019-04-25 23:14:34,504 - INFO - allennlp.common.from_params - instantiating class <class 'library.model.model.LstmClassifier'> from params {'encoder': {'hidden_size': 128, 'input_size': 256, 'type': 'lstm'}, 'word_embeddings': {'tokens': {'do_layer_norm': False, 'dropout': 0.5, 'options_file': 'https://s3-us-west-2.amazonaws.com/allennlp/models/elmo/2x1024_128_2048cnn_1xhighway/elmo_2x1024_128_2048cnn_1xhighway_options.json', 'type': 'elmo_token_embedder', 'weight_file': 'https://s3-us-west-2.amazonaws.com/allennlp/models/elmo/2x1024_128_2048cnn_1xhighway/elmo_2x1024_128_2048cnn_1xhighway_weights.hdf5'}}} and extras {'vocab'}
2019-04-25 23:14:34,506 - INFO - allennlp.common.from_params - instantiating class <class 'allennlp.modules.text_field_embedders.text_field_embedder.TextFieldEmbedder'> from params {'tokens': {'do_layer_norm': False, 'dropout': 0.5, 'options_file': 'https://s3-us-west-2.amazonaws.com/allennlp/models/elmo/2x1024_128_2048cnn_1xhighway/elmo_2x1024_128_2048cnn_1xhighway_options.json', 'type': 'elmo_token_embedder', 'weight_file': 'https://s3-us-west-2.amazonaws.com/allennlp/models/elmo/2x1024_128_2048cnn_1xhighway/elmo_2x1024_128_2048cnn_1xhighway_weights.hdf5'}} and extras {'vocab'}
2019-04-25 23:14:34,510 - INFO - allennlp.common.params - model.word_embeddings.type = basic
2019-04-25 23:14:34,511 - INFO - allennlp.common.params - model.word_embeddings.embedder_to_indexer_map = None
2019-04-25 23:14:34,514 - INFO - allennlp.common.params - model.word_embeddings.allow_unmatched_keys = False
2019-04-25 23:14:34,518 - INFO - allennlp.common.params - model.word_embeddings.token_embedders = None
2019-04-25 23:14:34,519 - INFO - allennlp.common.from_params - instantiating class <class 'allennlp.modules.token_embedders.token_embedder.TokenEmbedder'> from params {'do_layer_norm': False, 'dropout': 0.5, 'options_file': 'https://s3-us-west-2.amazonaws.com/allennlp/models/elmo/2x1024_128_2048cnn_1xhighway/elmo_2x1024_128_2048cnn_1xhighway_options.json', 'type': 'elmo_token_embedder', 'weight_file': 'https://s3-us-west-2.amazonaws.com/allennlp/models/elmo/2x1024_128_2048cnn_1xhighway/elmo_2x1024_128_2048cnn_1xhighway_weights.hdf5'} and extras {'vocab'}
2019-04-25 23:14:34,521 - INFO - allennlp.common.params - model.word_embeddings.tokens.type = elmo_token_embedder
2019-04-25 23:14:36,596 - INFO - allennlp.common.params - model.word_embeddings.tokens.options_file = https://s3-us-west-2.amazonaws.com/allennlp/models/elmo/2x1024_128_2048cnn_1xhighway/elmo_2x1024_128_2048cnn_1xhighway_options.json
2019-04-25 23:14:36,601 - INFO - allennlp.common.params - model.word_embeddings.tokens.weight_file = https://s3-us-west-2.amazonaws.com/allennlp/models/elmo/2x1024_128_2048cnn_1xhighway/elmo_2x1024_128_2048cnn_1xhighway_weights.hdf5
2019-04-25 23:14:36,608 - INFO - allennlp.common.params - model.word_embeddings.tokens.requires_grad = False
2019-04-25 23:14:36,612 - INFO - allennlp.common.params - model.word_embeddings.tokens.do_layer_norm = False
2019-04-25 23:14:36,616 - INFO - allennlp.common.params - model.word_embeddings.tokens.dropout = 0.5
2019-04-25 23:14:36,618 - INFO - allennlp.common.params - model.word_embeddings.tokens.namespace_to_cache = None
2019-04-25 23:14:36,620 - INFO - allennlp.common.params - model.word_embeddings.tokens.projection_dim = None
2019-04-25 23:14:36,626 - INFO - allennlp.common.params - model.word_embeddings.tokens.scalar_mix_parameters = None
2019-04-25 23:14:36,630 - INFO - allennlp.modules.elmo - Initializing ELMo
2019-04-25 23:14:51,026 - INFO - allennlp.common.from_params - instantiating class <class 'allennlp.modules.seq2vec_encoders.seq2vec_encoder.Seq2VecEncoder'> from params {'hidden_size': 128, 'input_size': 256, 'type': 'lstm'} and extras {'vocab'}
2019-04-25 23:14:51,029 - INFO - allennlp.common.params - model.encoder.type = lstm
2019-04-25 23:14:51,034 - INFO - allennlp.common.params - model.encoder.batch_first = True
2019-04-25 23:14:51,036 - INFO - allennlp.common.params - Converting Params object to dict; logging of default values will not occur when dictionary parameters are used subsequently.
2019-04-25 23:14:51,040 - INFO - allennlp.common.params - CURRENTLY DEFINED PARAMETERS: 
2019-04-25 23:14:51,046 - INFO - allennlp.common.params - model.encoder.hidden_size = 128
2019-04-25 23:14:51,049 - INFO - allennlp.common.params - model.encoder.input_size = 256
2019-04-25 23:14:51,050 - INFO - allennlp.common.params - model.encoder.batch_first = True
2019-04-25 23:14:51,072 - INFO - allennlp.common.from_params - instantiating class <class 'allennlp.data.iterators.data_iterator.DataIterator'> from params {'batch_size': 32, 'sorting_keys': [['tokens', 'num_tokens']], 'type': 'bucket'} and extras set()
2019-04-25 23:14:51,082 - INFO - allennlp.common.params - iterator.type = bucket
2019-04-25 23:14:51,088 - INFO - allennlp.common.from_params - instantiating class <class 'allennlp.data.iterators.bucket_iterator.BucketIterator'> from params {'batch_size': 32, 'sorting_keys': [['tokens', 'num_tokens']]} and extras set()
2019-04-25 23:14:51,097 - INFO - allennlp.common.params - iterator.sorting_keys = [['tokens', 'num_tokens']]
2019-04-25 23:14:51,098 - INFO - allennlp.common.params - iterator.padding_noise = 0.1
2019-04-25 23:14:51,103 - INFO - allennlp.common.params - iterator.biggest_batch_first = False
2019-04-25 23:14:51,107 - INFO - allennlp.common.params - iterator.batch_size = 32
2019-04-25 23:14:51,111 - INFO - allennlp.common.params - iterator.instances_per_epoch = None
2019-04-25 23:14:51,115 - INFO - allennlp.common.params - iterator.max_instances_in_memory = None
2019-04-25 23:14:51,119 - INFO - allennlp.common.params - iterator.cache_instances = False
2019-04-25 23:14:51,122 - INFO - allennlp.common.params - iterator.track_epoch = False
2019-04-25 23:14:51,131 - INFO - allennlp.common.params - iterator.maximum_samples_per_batch = None
2019-04-25 23:14:51,134 - INFO - allennlp.common.params - validation_iterator = None
2019-04-25 23:14:51,142 - INFO - allennlp.common.params - trainer.no_grad = ()
2019-04-25 23:14:51,150 - INFO - allennlp.training.trainer - Following parameters are Frozen  (without gradient):
2019-04-25 23:14:51,152 - INFO - allennlp.training.trainer - word_embeddings.token_embedder_tokens._elmo._elmo_lstm._token_embedder._char_embedding_weights
2019-04-25 23:14:51,158 - INFO - allennlp.training.trainer - word_embeddings.token_embedder_tokens._elmo._elmo_lstm._token_embedder.char_conv_0.weight
2019-04-25 23:14:51,163 - INFO - allennlp.training.trainer - word_embeddings.token_embedder_tokens._elmo._elmo_lstm._token_embedder.char_conv_0.bias
2019-04-25 23:14:51,168 - INFO - allennlp.training.trainer - word_embeddings.token_embedder_tokens._elmo._elmo_lstm._token_embedder.char_conv_1.weight
2019-04-25 23:14:51,177 - INFO - allennlp.training.trainer - word_embeddings.token_embedder_tokens._elmo._elmo_lstm._token_embedder.char_conv_1.bias
2019-04-25 23:14:51,189 - INFO - allennlp.training.trainer - word_embeddings.token_embedder_tokens._elmo._elmo_lstm._token_embedder.char_conv_2.weight
2019-04-25 23:14:51,196 - INFO - allennlp.training.trainer - word_embeddings.token_embedder_tokens._elmo._elmo_lstm._token_embedder.char_conv_2.bias
2019-04-25 23:14:51,204 - INFO - allennlp.training.trainer - word_embeddings.token_embedder_tokens._elmo._elmo_lstm._token_embedder.char_conv_3.weight
2019-04-25 23:14:51,214 - INFO - allennlp.training.trainer - word_embeddings.token_embedder_tokens._elmo._elmo_lstm._token_embedder.char_conv_3.bias
2019-04-25 23:14:51,221 - INFO - allennlp.training.trainer - word_embeddings.token_embedder_tokens._elmo._elmo_lstm._token_embedder.char_conv_4.weight
2019-04-25 23:14:51,223 - INFO - allennlp.training.trainer - word_embeddings.token_embedder_tokens._elmo._elmo_lstm._token_embedder.char_conv_4.bias
2019-04-25 23:14:51,230 - INFO - allennlp.training.trainer - word_embeddings.token_embedder_tokens._elmo._elmo_lstm._token_embedder.char_conv_5.weight
2019-04-25 23:14:51,244 - INFO - allennlp.training.trainer - word_embeddings.token_embedder_tokens._elmo._elmo_lstm._token_embedder.char_conv_5.bias
2019-04-25 23:14:51,250 - INFO - allennlp.training.trainer - word_embeddings.token_embedder_tokens._elmo._elmo_lstm._token_embedder.char_conv_6.weight
2019-04-25 23:14:51,256 - INFO - allennlp.training.trainer - word_embeddings.token_embedder_tokens._elmo._elmo_lstm._token_embedder.char_conv_6.bias
2019-04-25 23:14:51,263 - INFO - allennlp.training.trainer - word_embeddings.token_embedder_tokens._elmo._elmo_lstm._token_embedder._highways._layers.0.weight
2019-04-25 23:14:51,269 - INFO - allennlp.training.trainer - word_embeddings.token_embedder_tokens._elmo._elmo_lstm._token_embedder._highways._layers.0.bias
2019-04-25 23:14:51,270 - INFO - allennlp.training.trainer - word_embeddings.token_embedder_tokens._elmo._elmo_lstm._token_embedder._projection.weight
2019-04-25 23:14:51,278 - INFO - allennlp.training.trainer - word_embeddings.token_embedder_tokens._elmo._elmo_lstm._token_embedder._projection.bias
2019-04-25 23:14:51,285 - INFO - allennlp.training.trainer - word_embeddings.token_embedder_tokens._elmo._elmo_lstm._elmo_lstm.forward_layer_0.input_linearity.weight
2019-04-25 23:14:51,286 - INFO - allennlp.training.trainer - word_embeddings.token_embedder_tokens._elmo._elmo_lstm._elmo_lstm.forward_layer_0.state_linearity.weight
2019-04-25 23:14:51,289 - INFO - allennlp.training.trainer - word_embeddings.token_embedder_tokens._elmo._elmo_lstm._elmo_lstm.forward_layer_0.state_linearity.bias
2019-04-25 23:14:51,299 - INFO - allennlp.training.trainer - word_embeddings.token_embedder_tokens._elmo._elmo_lstm._elmo_lstm.forward_layer_0.state_projection.weight
2019-04-25 23:14:51,303 - INFO - allennlp.training.trainer - word_embeddings.token_embedder_tokens._elmo._elmo_lstm._elmo_lstm.backward_layer_0.input_linearity.weight
2019-04-25 23:14:51,311 - INFO - allennlp.training.trainer - word_embeddings.token_embedder_tokens._elmo._elmo_lstm._elmo_lstm.backward_layer_0.state_linearity.weight
2019-04-25 23:14:51,315 - INFO - allennlp.training.trainer - word_embeddings.token_embedder_tokens._elmo._elmo_lstm._elmo_lstm.backward_layer_0.state_linearity.bias
2019-04-25 23:14:51,321 - INFO - allennlp.training.trainer - word_embeddings.token_embedder_tokens._elmo._elmo_lstm._elmo_lstm.backward_layer_0.state_projection.weight
2019-04-25 23:14:51,325 - INFO - allennlp.training.trainer - word_embeddings.token_embedder_tokens._elmo._elmo_lstm._elmo_lstm.forward_layer_1.input_linearity.weight
2019-04-25 23:14:51,332 - INFO - allennlp.training.trainer - word_embeddings.token_embedder_tokens._elmo._elmo_lstm._elmo_lstm.forward_layer_1.state_linearity.weight
2019-04-25 23:14:51,340 - INFO - allennlp.training.trainer - word_embeddings.token_embedder_tokens._elmo._elmo_lstm._elmo_lstm.forward_layer_1.state_linearity.bias
2019-04-25 23:14:51,345 - INFO - allennlp.training.trainer - word_embeddings.token_embedder_tokens._elmo._elmo_lstm._elmo_lstm.forward_layer_1.state_projection.weight
2019-04-25 23:14:51,347 - INFO - allennlp.training.trainer - word_embeddings.token_embedder_tokens._elmo._elmo_lstm._elmo_lstm.backward_layer_1.input_linearity.weight
2019-04-25 23:14:51,353 - INFO - allennlp.training.trainer - word_embeddings.token_embedder_tokens._elmo._elmo_lstm._elmo_lstm.backward_layer_1.state_linearity.weight
2019-04-25 23:14:51,356 - INFO - allennlp.training.trainer - word_embeddings.token_embedder_tokens._elmo._elmo_lstm._elmo_lstm.backward_layer_1.state_linearity.bias
2019-04-25 23:14:51,363 - INFO - allennlp.training.trainer - word_embeddings.token_embedder_tokens._elmo._elmo_lstm._elmo_lstm.backward_layer_1.state_projection.weight
2019-04-25 23:14:51,368 - INFO - allennlp.training.trainer - Following parameters are Tunable (with gradient):
2019-04-25 23:14:51,368 - INFO - allennlp.training.trainer - word_embeddings.token_embedder_tokens._elmo.scalar_mix_0.gamma
2019-04-25 23:14:51,368 - INFO - allennlp.training.trainer - word_embeddings.token_embedder_tokens._elmo.scalar_mix_0.scalar_parameters.0
2019-04-25 23:14:51,369 - INFO - allennlp.training.trainer - word_embeddings.token_embedder_tokens._elmo.scalar_mix_0.scalar_parameters.1
2019-04-25 23:14:51,369 - INFO - allennlp.training.trainer - word_embeddings.token_embedder_tokens._elmo.scalar_mix_0.scalar_parameters.2
2019-04-25 23:14:51,374 - INFO - allennlp.training.trainer - encoder._module.weight_ih_l0
2019-04-25 23:14:51,375 - INFO - allennlp.training.trainer - encoder._module.weight_hh_l0
2019-04-25 23:14:51,380 - INFO - allennlp.training.trainer - encoder._module.bias_ih_l0
2019-04-25 23:14:51,380 - INFO - allennlp.training.trainer - encoder._module.bias_hh_l0
2019-04-25 23:14:51,384 - INFO - allennlp.training.trainer - hidden2tag.weight
2019-04-25 23:14:51,385 - INFO - allennlp.training.trainer - hidden2tag.bias
2019-04-25 23:14:51,386 - INFO - allennlp.common.params - trainer.patience = 10
2019-04-25 23:14:51,387 - INFO - allennlp.common.params - trainer.validation_metric = -loss
2019-04-25 23:14:51,391 - INFO - allennlp.common.params - trainer.shuffle = True
2019-04-25 23:14:51,395 - INFO - allennlp.common.params - trainer.num_epochs = 20
2019-04-25 23:14:51,397 - INFO - allennlp.common.params - trainer.cuda_device = -1
2019-04-25 23:14:51,398 - INFO - allennlp.common.params - trainer.grad_norm = None
2019-04-25 23:14:51,398 - INFO - allennlp.common.params - trainer.grad_clipping = None
2019-04-25 23:14:51,399 - INFO - allennlp.common.params - trainer.learning_rate_scheduler = None
2019-04-25 23:14:51,401 - INFO - allennlp.common.params - trainer.momentum_scheduler = None
2019-04-25 23:14:51,402 - INFO - allennlp.common.params - trainer.optimizer = adam
2019-04-25 23:14:51,405 - INFO - allennlp.common.params - parameter_groups = None
2019-04-25 23:14:51,406 - INFO - allennlp.training.optimizers - Number of trainable parameters: 198281
2019-04-25 23:14:51,407 - INFO - allennlp.common.params - infer_type_and_cast = True
2019-04-25 23:14:51,407 - INFO - allennlp.common.params - Converting Params object to dict; logging of default values will not occur when dictionary parameters are used subsequently.
2019-04-25 23:14:51,409 - INFO - allennlp.common.params - CURRENTLY DEFINED PARAMETERS: 
2019-04-25 23:14:51,412 - INFO - allennlp.common.params - trainer.num_serialized_models_to_keep = 20
2019-04-25 23:14:51,413 - INFO - allennlp.common.params - trainer.keep_serialized_model_every_num_seconds = None
2019-04-25 23:14:51,417 - INFO - allennlp.common.params - trainer.model_save_interval = None
2019-04-25 23:14:51,418 - INFO - allennlp.common.params - trainer.summary_interval = 100
2019-04-25 23:14:51,425 - INFO - allennlp.common.params - trainer.histogram_interval = None
2019-04-25 23:14:51,433 - INFO - allennlp.common.params - trainer.should_log_parameter_statistics = True
2019-04-25 23:14:51,437 - INFO - allennlp.common.params - trainer.should_log_learning_rate = False
2019-04-25 23:14:51,439 - INFO - allennlp.common.params - trainer.log_batch_size_period = None
2019-04-25 23:14:51,716 - INFO - allennlp.training.trainer - Beginning training.
2019-04-25 23:14:51,717 - INFO - allennlp.training.trainer - Epoch 0/19
2019-04-25 23:14:51,719 - INFO - allennlp.training.trainer - Peak CPU memory usage MB: 359.608
2019-04-25 23:14:51,870 - INFO - allennlp.training.trainer - Training
2019-04-25 23:25:26,594 - INFO - allennlp.training.trainer - Validating
2019-04-25 23:26:45,431 - INFO - allennlp.training.tensorboard_writer -                   Training |  Validation
2019-04-25 23:26:45,432 - INFO - allennlp.training.tensorboard_writer - accuracy      |     0.344  |     0.400
2019-04-25 23:26:45,433 - INFO - allennlp.training.tensorboard_writer - loss          |     1.476  |     1.357
2019-04-25 23:26:45,434 - INFO - allennlp.training.tensorboard_writer - cpu_memory_MB |   359.608  |       N/A
2019-04-25 23:26:46,040 - INFO - allennlp.training.checkpointer - Best validation performance so far. Copying weights to './elmo//best.th'.
2019-04-25 23:26:46,290 - INFO - allennlp.training.trainer - Epoch duration: 00:11:54
2019-04-25 23:26:46,292 - INFO - allennlp.training.trainer - Estimated training time remaining: 3:46:16
2019-04-25 23:26:46,293 - INFO - allennlp.training.trainer - Epoch 1/19
2019-04-25 23:26:46,293 - INFO - allennlp.training.trainer - Peak CPU memory usage MB: 1873.6
2019-04-25 23:26:46,650 - INFO - allennlp.training.trainer - Training
2019-04-25 23:37:32,134 - INFO - allennlp.training.trainer - Validating
2019-04-25 23:38:55,098 - INFO - allennlp.training.tensorboard_writer -                   Training |  Validation
2019-04-25 23:38:55,099 - INFO - allennlp.training.tensorboard_writer - accuracy      |     0.402  |     0.428
2019-04-25 23:38:55,100 - INFO - allennlp.training.tensorboard_writer - loss          |     1.382  |     1.315
2019-04-25 23:38:55,101 - INFO - allennlp.training.tensorboard_writer - cpu_memory_MB |  1873.600  |       N/A
2019-04-25 23:38:55,851 - INFO - allennlp.training.checkpointer - Best validation performance so far. Copying weights to './elmo//best.th'.
2019-04-25 23:38:56,159 - INFO - allennlp.training.trainer - Epoch duration: 00:12:09
2019-04-25 23:38:56,161 - INFO - allennlp.training.trainer - Estimated training time remaining: 3:36:39
2019-04-25 23:38:56,162 - INFO - allennlp.training.trainer - Epoch 2/19
2019-04-25 23:38:56,163 - INFO - allennlp.training.trainer - Peak CPU memory usage MB: 1915.804
2019-04-25 23:38:56,464 - INFO - allennlp.training.trainer - Training
2019-04-25 23:49:34,125 - INFO - allennlp.training.trainer - Validating
2019-04-25 23:51:03,086 - INFO - allennlp.training.tensorboard_writer -                   Training |  Validation
2019-04-25 23:51:03,087 - INFO - allennlp.training.tensorboard_writer - accuracy      |     0.412  |     0.419
2019-04-25 23:51:03,089 - INFO - allennlp.training.tensorboard_writer - loss          |     1.345  |     1.312
2019-04-25 23:51:03,090 - INFO - allennlp.training.tensorboard_writer - cpu_memory_MB |  1915.804  |       N/A
2019-04-25 23:51:03,727 - INFO - allennlp.training.checkpointer - Best validation performance so far. Copying weights to './elmo//best.th'.
2019-04-25 23:51:03,959 - INFO - allennlp.training.trainer - Epoch duration: 00:12:07
2019-04-25 23:51:03,962 - INFO - allennlp.training.trainer - Estimated training time remaining: 3:25:09
2019-04-25 23:51:03,963 - INFO - allennlp.training.trainer - Epoch 3/19
2019-04-25 23:51:03,963 - INFO - allennlp.training.trainer - Peak CPU memory usage MB: 1915.804
2019-04-25 23:51:04,269 - INFO - allennlp.training.trainer - Training
2019-04-26 00:01:46,017 - INFO - allennlp.training.trainer - Validating
2019-04-26 00:03:01,936 - INFO - allennlp.training.tensorboard_writer -                   Training |  Validation
2019-04-26 00:03:01,936 - INFO - allennlp.training.tensorboard_writer - accuracy      |     0.436  |     0.417
2019-04-26 00:03:01,937 - INFO - allennlp.training.tensorboard_writer - loss          |     1.305  |     1.308
2019-04-26 00:03:01,938 - INFO - allennlp.training.tensorboard_writer - cpu_memory_MB |  1915.804  |       N/A
2019-04-26 00:03:02,556 - INFO - allennlp.training.checkpointer - Best validation performance so far. Copying weights to './elmo//best.th'.
2019-04-26 00:03:02,758 - INFO - allennlp.training.trainer - Epoch duration: 00:11:58
2019-04-26 00:03:02,761 - INFO - allennlp.training.trainer - Estimated training time remaining: 3:12:44
2019-04-26 00:03:02,762 - INFO - allennlp.training.trainer - Epoch 4/19
2019-04-26 00:03:02,766 - INFO - allennlp.training.trainer - Peak CPU memory usage MB: 1915.804
2019-04-26 00:03:03,097 - INFO - allennlp.training.trainer - Training
2019-04-26 00:13:57,158 - INFO - allennlp.training.trainer - Validating
2019-04-26 00:15:12,722 - INFO - allennlp.training.tensorboard_writer -                   Training |  Validation
2019-04-26 00:15:12,728 - INFO - allennlp.training.tensorboard_writer - accuracy      |     0.451  |     0.429
2019-04-26 00:15:12,730 - INFO - allennlp.training.tensorboard_writer - loss          |     1.278  |     1.306
2019-04-26 00:15:12,733 - INFO - allennlp.training.tensorboard_writer - cpu_memory_MB |  1915.804  |       N/A
2019-04-26 00:15:13,327 - INFO - allennlp.training.checkpointer - Best validation performance so far. Copying weights to './elmo//best.th'.
2019-04-26 00:15:13,581 - INFO - allennlp.training.trainer - Epoch duration: 00:12:10
2019-04-26 00:15:13,581 - INFO - allennlp.training.trainer - Estimated training time remaining: 3:01:05
2019-04-26 00:15:13,582 - INFO - allennlp.training.trainer - Epoch 5/19
2019-04-26 00:15:13,583 - INFO - allennlp.training.trainer - Peak CPU memory usage MB: 1915.804
2019-04-26 00:15:13,820 - INFO - allennlp.training.trainer - Training
2019-04-26 00:25:45,497 - INFO - allennlp.training.trainer - Validating
2019-04-26 00:27:11,482 - INFO - allennlp.training.tensorboard_writer -                   Training |  Validation
2019-04-26 00:27:11,483 - INFO - allennlp.training.tensorboard_writer - accuracy      |     0.465  |     0.447
2019-04-26 00:27:11,485 - INFO - allennlp.training.tensorboard_writer - loss          |     1.234  |     1.297
2019-04-26 00:27:11,494 - INFO - allennlp.training.tensorboard_writer - cpu_memory_MB |  1915.804  |       N/A
2019-04-26 00:27:12,146 - INFO - allennlp.training.checkpointer - Best validation performance so far. Copying weights to './elmo//best.th'.
2019-04-26 00:27:12,328 - INFO - allennlp.training.trainer - Epoch duration: 00:11:58
2019-04-26 00:27:12,329 - INFO - allennlp.training.trainer - Estimated training time remaining: 2:48:48
2019-04-26 00:27:12,329 - INFO - allennlp.training.trainer - Epoch 6/19
2019-04-26 00:27:12,330 - INFO - allennlp.training.trainer - Peak CPU memory usage MB: 1915.804
2019-04-26 00:27:12,628 - INFO - allennlp.training.trainer - Training
2019-04-26 00:44:51,472 - INFO - allennlp.training.trainer - Validating
2019-04-26 00:47:32,702 - INFO - allennlp.training.tensorboard_writer -                   Training |  Validation
2019-04-26 00:47:32,705 - INFO - allennlp.training.tensorboard_writer - accuracy      |     0.485  |     0.444
2019-04-26 00:47:32,723 - INFO - allennlp.training.tensorboard_writer - loss          |     1.205  |     1.307
2019-04-26 00:47:32,725 - INFO - allennlp.training.tensorboard_writer - cpu_memory_MB |  1915.804  |       N/A
2019-04-26 00:47:33,579 - INFO - allennlp.training.trainer - Epoch duration: 00:20:21
2019-04-26 00:47:33,641 - INFO - allennlp.training.trainer - Estimated training time remaining: 2:52:09
2019-04-26 00:47:33,741 - INFO - allennlp.training.trainer - Epoch 7/19
2019-04-26 00:47:33,876 - INFO - allennlp.training.trainer - Peak CPU memory usage MB: 1915.804
2019-04-26 00:47:34,539 - INFO - allennlp.training.trainer - Training
2019-04-26 01:10:53,395 - INFO - allennlp.training.trainer - Validating
2019-04-26 01:13:42,960 - INFO - allennlp.training.tensorboard_writer -                   Training |  Validation
2019-04-26 01:13:42,961 - INFO - allennlp.training.tensorboard_writer - accuracy      |     0.496  |     0.434
2019-04-26 01:13:42,965 - INFO - allennlp.training.tensorboard_writer - loss          |     1.174  |     1.298
2019-04-26 01:13:42,966 - INFO - allennlp.training.tensorboard_writer - cpu_memory_MB |  1915.804  |       N/A
2019-04-26 01:13:44,879 - INFO - allennlp.training.trainer - Epoch duration: 00:26:11
2019-04-26 01:13:44,885 - INFO - allennlp.training.trainer - Estimated training time remaining: 2:58:19
2019-04-26 01:13:44,885 - INFO - allennlp.training.trainer - Epoch 8/19
2019-04-26 01:13:44,886 - INFO - allennlp.training.trainer - Peak CPU memory usage MB: 1915.804
2019-04-26 01:13:45,237 - INFO - allennlp.training.trainer - Training
2019-04-26 01:28:15,515 - INFO - allennlp.training.trainer - Validating
2019-04-26 01:29:26,435 - INFO - allennlp.training.tensorboard_writer -                   Training |  Validation
2019-04-26 01:29:26,439 - INFO - allennlp.training.tensorboard_writer - accuracy      |     0.521  |     0.425
2019-04-26 01:29:26,442 - INFO - allennlp.training.tensorboard_writer - loss          |     1.134  |     1.345
2019-04-26 01:29:26,445 - INFO - allennlp.training.tensorboard_writer - cpu_memory_MB |  1915.804  |       N/A
2019-04-26 01:29:27,190 - INFO - allennlp.training.trainer - Epoch duration: 00:15:42
2019-04-26 01:29:27,190 - INFO - allennlp.training.trainer - Estimated training time remaining: 2:44:30
2019-04-26 01:29:27,191 - INFO - allennlp.training.trainer - Epoch 9/19
2019-04-26 01:29:27,192 - INFO - allennlp.training.trainer - Peak CPU memory usage MB: 1915.804
2019-04-26 01:29:27,436 - INFO - allennlp.training.trainer - Training
2019-04-26 01:39:35,454 - INFO - allennlp.training.trainer - Validating
2019-04-26 01:40:50,963 - INFO - allennlp.training.tensorboard_writer -                   Training |  Validation
2019-04-26 01:40:50,964 - INFO - allennlp.training.tensorboard_writer - accuracy      |     0.529  |     0.432
2019-04-26 01:40:50,967 - INFO - allennlp.training.tensorboard_writer - loss          |     1.105  |     1.362
2019-04-26 01:40:50,968 - INFO - allennlp.training.tensorboard_writer - cpu_memory_MB |  1915.804  |       N/A
2019-04-26 01:40:51,615 - INFO - allennlp.training.trainer - Epoch duration: 00:11:24
2019-04-26 01:40:51,616 - INFO - allennlp.training.trainer - Estimated training time remaining: 2:25:59
2019-04-26 01:40:51,617 - INFO - allennlp.training.trainer - Epoch 10/19
2019-04-26 01:40:51,617 - INFO - allennlp.training.trainer - Peak CPU memory usage MB: 1915.804
2019-04-26 01:40:51,852 - INFO - allennlp.training.trainer - Training
2019-04-26 01:50:57,537 - INFO - allennlp.training.trainer - Validating
2019-04-26 01:52:13,770 - INFO - allennlp.training.tensorboard_writer -                   Training |  Validation
2019-04-26 01:52:13,772 - INFO - allennlp.training.tensorboard_writer - accuracy      |     0.547  |     0.457
2019-04-26 01:52:13,773 - INFO - allennlp.training.tensorboard_writer - loss          |     1.075  |     1.331
2019-04-26 01:52:13,774 - INFO - allennlp.training.tensorboard_writer - cpu_memory_MB |  1915.804  |       N/A
2019-04-26 01:52:14,390 - INFO - allennlp.training.trainer - Epoch duration: 00:11:22
2019-04-26 01:52:14,391 - INFO - allennlp.training.trainer - Estimated training time remaining: 2:08:45
2019-04-26 01:52:14,393 - INFO - allennlp.training.trainer - Epoch 11/19
2019-04-26 01:52:14,804 - INFO - allennlp.training.trainer - Peak CPU memory usage MB: 1915.804
2019-04-26 01:52:15,153 - INFO - allennlp.training.trainer - Training
2019-04-26 02:02:07,271 - INFO - allennlp.training.trainer - Validating
2019-04-26 02:03:24,430 - INFO - allennlp.training.tensorboard_writer -                   Training |  Validation
2019-04-26 02:03:24,448 - INFO - allennlp.training.tensorboard_writer - accuracy      |     0.557  |     0.435
2019-04-26 02:03:24,466 - INFO - allennlp.training.tensorboard_writer - loss          |     1.051  |     1.385
2019-04-26 02:03:24,485 - INFO - allennlp.training.tensorboard_writer - cpu_memory_MB |  1915.804  |       N/A
2019-04-26 02:03:25,138 - INFO - allennlp.training.trainer - Epoch duration: 00:11:10
2019-04-26 02:03:25,143 - INFO - allennlp.training.trainer - Estimated training time remaining: 1:52:22
2019-04-26 02:03:25,145 - INFO - allennlp.training.trainer - Epoch 12/19
2019-04-26 02:03:25,191 - INFO - allennlp.training.trainer - Peak CPU memory usage MB: 1915.804
2019-04-26 02:03:25,455 - INFO - allennlp.training.trainer - Training
2019-04-26 02:13:21,408 - INFO - allennlp.training.trainer - Validating
2019-04-26 02:14:31,392 - INFO - allennlp.training.tensorboard_writer -                   Training |  Validation
2019-04-26 02:14:31,394 - INFO - allennlp.training.tensorboard_writer - accuracy      |     0.574  |     0.414
2019-04-26 02:14:31,396 - INFO - allennlp.training.tensorboard_writer - loss          |     1.021  |     1.449
2019-04-26 02:14:31,397 - INFO - allennlp.training.tensorboard_writer - cpu_memory_MB |  1915.804  |       N/A
2019-04-26 02:14:31,983 - INFO - allennlp.training.trainer - Epoch duration: 00:11:06
2019-04-26 02:14:31,984 - INFO - allennlp.training.trainer - Estimated training time remaining: 1:36:44
2019-04-26 02:14:31,985 - INFO - allennlp.training.trainer - Epoch 13/19
2019-04-26 02:14:31,985 - INFO - allennlp.training.trainer - Peak CPU memory usage MB: 1915.804
2019-04-26 02:14:32,239 - INFO - allennlp.training.trainer - Training
2019-04-26 02:24:24,672 - INFO - allennlp.training.trainer - Validating
2019-04-26 02:25:35,423 - INFO - allennlp.training.tensorboard_writer -                   Training |  Validation
2019-04-26 02:25:35,425 - INFO - allennlp.training.tensorboard_writer - accuracy      |     0.594  |     0.425
2019-04-26 02:25:35,428 - INFO - allennlp.training.tensorboard_writer - loss          |     0.992  |     1.418
2019-04-26 02:25:35,429 - INFO - allennlp.training.tensorboard_writer - cpu_memory_MB |  1915.804  |       N/A
2019-04-26 02:25:36,009 - INFO - allennlp.training.trainer - Epoch duration: 00:11:04
2019-04-26 02:25:36,010 - INFO - allennlp.training.trainer - Estimated training time remaining: 1:21:44
2019-04-26 02:25:36,014 - INFO - allennlp.training.trainer - Epoch 14/19
2019-04-26 02:25:36,015 - INFO - allennlp.training.trainer - Peak CPU memory usage MB: 1915.804
2019-04-26 02:25:36,581 - INFO - allennlp.training.trainer - Training
2019-04-26 02:35:32,103 - INFO - allennlp.training.trainer - Validating
2019-04-26 02:36:49,547 - INFO - allennlp.training.tensorboard_writer -                   Training |  Validation
2019-04-26 02:36:49,548 - INFO - allennlp.training.tensorboard_writer - accuracy      |     0.601  |     0.416
2019-04-26 02:36:49,551 - INFO - allennlp.training.tensorboard_writer - loss          |     0.966  |     1.470
2019-04-26 02:36:49,553 - INFO - allennlp.training.tensorboard_writer - cpu_memory_MB |  1915.804  |       N/A
2019-04-26 02:36:50,163 - INFO - allennlp.training.trainer - Epoch duration: 00:11:14
2019-04-26 02:36:50,164 - INFO - allennlp.training.trainer - Estimated training time remaining: 1:07:19
2019-04-26 02:36:50,165 - INFO - allennlp.training.trainer - Epoch 15/19
2019-04-26 02:36:50,166 - INFO - allennlp.training.trainer - Peak CPU memory usage MB: 1915.804
2019-04-26 02:36:50,409 - INFO - allennlp.training.trainer - Training
2019-04-26 02:46:40,596 - INFO - allennlp.training.trainer - Validating
2019-04-26 02:47:54,541 - INFO - allennlp.training.trainer - Ran out of patience.  Stopping training.
2019-04-26 02:47:54,543 - INFO - allennlp.training.checkpointer - loading best weights
